[2026-05-13 10:39:35.678 +07:00 INF] Starting WEBDULICH application
[2026-05-13 10:39:37.063 +07:00 INF] Redis caching configured
[2026-05-13 10:39:37.070 +07:00 INF] Hangfire configured
[2026-05-13 10:39:37.072 +07:00 INF] JWT Authentication configured
[2026-05-13 10:39:37.074 +07:00 INF] Rate limiting configured
[2026-05-13 10:39:37.075 +07:00 INF] Response compression configured
[2026-05-13 10:39:37.085 +07:00 INF] SignalR configured
[2026-05-13 10:39:37.874 +07:00 INF] AutoMapper configured
[2026-05-13 10:39:37.875 +07:00 INF] FluentValidation configured
[2026-05-13 10:39:37.907 +07:00 INF] MediatR configured
[2026-05-13 10:39:38.213 +07:00 INF] Swagger configured
[2026-05-13 10:39:38.215 +07:00 INF] RabbitMQ configured
[2026-05-13 10:39:38.232 +07:00 INF] Health checks configured
[2026-05-13 10:39:38.236 +07:00 INF] New feature services registered (Payment, Chatbot, Analytics, Social Auth, Ticket, Weather, Currency, Recommendation)
[2026-05-13 10:39:38.237 +07:00 INF] Enterprise feature services registered (Customer Segmentation, Availability, Tour Package, Price Optimization, Review Analytics, Advanced Search)
[2026-05-13 10:39:38.238 +07:00 INF] MAXPING feature services registered (AI Recommendation Engine, Blockchain Service)
[2026-05-13 10:39:38.239 +07:00 INF] All services registered
[2026-05-13 10:39:38.770 +07:00 INF] Start installing Hangfire SQL objects...
[2026-05-13 10:39:40.082 +07:00 INF] Hangfire SQL objects installed.
[2026-05-13 10:39:42.051 +07:00 ERR] An error occurred while seeding the database
System.InvalidOperationException: No backing field could be found for property 'Availability.EntityId' and the property does not have a setter.
   at Microsoft.EntityFrameworkCore.Infrastructure.ModelValidator.<ValidateFieldMapping>g__Validate|24_0(ITypeBase typeBase)
   at Microsoft.EntityFrameworkCore.Infrastructure.ModelValidator.ValidateFieldMapping(IModel model, IDiagnosticsLogger`1 logger)
   at Microsoft.EntityFrameworkCore.Infrastructure.ModelValidator.Validate(IModel model, IDiagnosticsLogger`1 logger)
   at Microsoft.EntityFrameworkCore.Infrastructure.RelationalModelValidator.Validate(IModel model, IDiagnosticsLogger`1 logger)
   at Microsoft.EntityFrameworkCore.SqlServer.Infrastructure.Internal.SqlServerModelValidator.Validate(IModel model, IDiagnosticsLogger`1 logger)
   at Microsoft.EntityFrameworkCore.Infrastructure.ModelRuntimeInitializer.Initialize(IModel model, Boolean designTime, IDiagnosticsLogger`1 validationLogger)
   at Microsoft.EntityFrameworkCore.Infrastructure.ModelSource.CreateModel(DbContext context, ModelCreationDependencies modelCreationDependencies, Boolean designTime)
   at Microsoft.EntityFrameworkCore.Infrastructure.ModelSource.GetModel(DbContext context, ModelCreationDependencies modelCreationDependencies, Boolean designTime)
   at Microsoft.EntityFrameworkCore.Internal.DbContextServices.CreateModel(Boolean designTime)
   at Microsoft.EntityFrameworkCore.Internal.DbContextServices.get_Model()
   at Microsoft.EntityFrameworkCore.Infrastructure.EntityFrameworkServicesBuilder.<>c.<TryAddCoreServices>b__8_4(IServiceProvider p)
   at Microsoft.Extensions.DependencyInjection.ServiceLookup.CallSiteVisitor`2.VisitCallSiteMain(ServiceCallSite callSite, TArgument argument)
   at Microsoft.Extensions.DependencyInjection.ServiceLookup.CallSiteRuntimeResolver.VisitCache(ServiceCallSite callSite, RuntimeResolverContext context, ServiceProviderEngineScope serviceProviderEngine, RuntimeResolverLock lockType)
   at Microsoft.Extensions.DependencyInjection.ServiceLookup.CallSiteRuntimeResolver.VisitScopeCache(ServiceCallSite callSite, RuntimeResolverContext context)
   at Microsoft.Extensions.DependencyInjection.ServiceLookup.CallSiteVisitor`2.VisitCallSite(ServiceCallSite callSite, TArgument argument)
   at Microsoft.Extensions.DependencyInjection.ServiceLookup.CallSiteVisitor`2.VisitCallSiteMain(ServiceCallSite callSite, TArgument argument)
   at Microsoft.Extensions.DependencyInjection.ServiceLookup.CallSiteRuntimeResolver.VisitCache(ServiceCallSite callSite, RuntimeResolverContext context, ServiceProviderEngineScope serviceProviderEngine, RuntimeResolverLock lockType)
   at Microsoft.Extensions.DependencyInjection.ServiceLookup.CallSiteRuntimeResolver.VisitScopeCache(ServiceCallSite callSite, RuntimeResolverContext context)
   at Microsoft.Extensions.DependencyInjection.ServiceLookup.CallSiteVisitor`2.VisitCallSite(ServiceCallSite callSite, TArgument argument)
   at Microsoft.Extensions.DependencyInjection.ServiceLookup.CallSiteVisitor`2.VisitCallSiteMain(ServiceCallSite callSite, TArgument argument)
   at Microsoft.Extensions.DependencyInjection.ServiceLookup.CallSiteRuntimeResolver.VisitCache(ServiceCallSite callSite, RuntimeResolverContext context, ServiceProviderEngineScope serviceProviderEngine, RuntimeResolverLock lockType)
   at Microsoft.Extensions.DependencyInjection.ServiceLookup.CallSiteRuntimeResolver.VisitScopeCache(ServiceCallSite callSite, RuntimeResolverContext context)
   at Microsoft.Extensions.DependencyInjection.ServiceLookup.CallSiteVisitor`2.VisitCallSite(ServiceCallSite callSite, TArgument argument)
   at Microsoft.Extensions.DependencyInjection.ServiceLookup.CallSiteVisitor`2.VisitCallSiteMain(ServiceCallSite callSite, TArgument argument)
   at Microsoft.Extensions.DependencyInjection.ServiceLookup.CallSiteRuntimeResolver.VisitCache(ServiceCallSite callSite, RuntimeResolverContext context, ServiceProviderEngineScope serviceProviderEngine, RuntimeResolverLock lockType)
   at Microsoft.Extensions.DependencyInjection.ServiceLookup.CallSiteRuntimeResolver.VisitScopeCache(ServiceCallSite callSite, RuntimeResolverContext context)
   at Microsoft.Extensions.DependencyInjection.ServiceLookup.CallSiteVisitor`2.VisitCallSite(ServiceCallSite callSite, TArgument argument)
   at Microsoft.Extensions.DependencyInjection.ServiceLookup.CallSiteVisitor`2.VisitCallSiteMain(ServiceCallSite callSite, TArgument argument)
   at Microsoft.Extensions.DependencyInjection.ServiceLookup.CallSiteRuntimeResolver.VisitCache(ServiceCallSite callSite, RuntimeResolverContext context, ServiceProviderEngineScope serviceProviderEngine, RuntimeResolverLock lockType)
   at Microsoft.Extensions.DependencyInjection.ServiceLookup.CallSiteRuntimeResolver.VisitScopeCache(ServiceCallSite callSite, RuntimeResolverContext context)
   at Microsoft.Extensions.DependencyInjection.ServiceLookup.CallSiteVisitor`2.VisitCallSite(ServiceCallSite callSite, TArgument argument)
   at Microsoft.Extensions.DependencyInjection.ServiceLookup.CallSiteVisitor`2.VisitCallSiteMain(ServiceCallSite callSite, TArgument argument)
   at Microsoft.Extensions.DependencyInjection.ServiceLookup.CallSiteRuntimeResolver.VisitCache(ServiceCallSite callSite, RuntimeResolverContext context, ServiceProviderEngineScope serviceProviderEngine, RuntimeResolverLock lockType)
   at Microsoft.Extensions.DependencyInjection.ServiceLookup.CallSiteRuntimeResolver.VisitScopeCache(ServiceCallSite callSite, RuntimeResolverContext context)
   at Microsoft.Extensions.DependencyInjection.ServiceLookup.CallSiteVisitor`2.VisitCallSite(ServiceCallSite callSite, TArgument argument)
   at Microsoft.Extensions.DependencyInjection.ServiceLookup.CallSiteRuntimeResolver.Resolve(ServiceCallSite callSite, ServiceProviderEngineScope scope)
   at Microsoft.Extensions.DependencyInjection.ServiceLookup.DynamicServiceProviderEngine.<>c__DisplayClass2_0.<RealizeService>b__0(ServiceProviderEngineScope scope)
   at Microsoft.Extensions.DependencyInjection.ServiceProvider.GetService(ServiceIdentifier serviceIdentifier, ServiceProviderEngineScope serviceProviderEngineScope)
   at Microsoft.Extensions.DependencyInjection.ServiceLookup.ServiceProviderEngineScope.GetService(Type serviceType)
   at Microsoft.Extensions.DependencyInjection.ServiceProviderServiceExtensions.GetRequiredService(IServiceProvider provider, Type serviceType)
   at Microsoft.Extensions.DependencyInjection.ServiceProviderServiceExtensions.GetRequiredService[T](IServiceProvider provider)
   at Microsoft.EntityFrameworkCore.DbContext.get_DbContextDependencies()
   at Microsoft.EntityFrameworkCore.DbContext.get_ContextServices()
   at Microsoft.EntityFrameworkCore.DbContext.get_Model()
   at Microsoft.EntityFrameworkCore.Internal.InternalDbSet`1.get_EntityType()
   at Microsoft.EntityFrameworkCore.Internal.InternalDbSet`1.CheckState()
   at Microsoft.EntityFrameworkCore.Internal.InternalDbSet`1.get_EntityQueryable()
   at Microsoft.EntityFrameworkCore.Internal.InternalDbSet`1.System.Linq.IQueryable.get_Provider()
   at Microsoft.EntityFrameworkCore.EntityFrameworkQueryableExtensions.ExecuteAsync[TSource,TResult](MethodInfo operatorMethodInfo, IQueryable`1 source, Expression expression, CancellationToken cancellationToken)
   at Microsoft.EntityFrameworkCore.EntityFrameworkQueryableExtensions.ExecuteAsync[TSource,TResult](MethodInfo operatorMethodInfo, IQueryable`1 source, CancellationToken cancellationToken)
   at Microsoft.EntityFrameworkCore.EntityFrameworkQueryableExtensions.AnyAsync[TSource](IQueryable`1 source, CancellationToken cancellationToken)
   at WEBDULICH.Services.DataSeeder.SeedAsync() in D:\Users\admoi\source\repos\DoanhNoVip\WEBDULICH\Services\DataSeeder.cs:line 18
   at Program.<Main>$(String[] args) in D:\Users\admoi\source\repos\DoanhNoVip\WEBDULICH\Program.cs:line 464
[2026-05-13 10:39:42.083 +07:00 INF] Application started successfully
[2026-05-13 10:39:42.287 +07:00 INF] Starting Hangfire Server using job storage: 'SQL Server: localhost@WEBDULICH_Hangfire'
[2026-05-13 10:39:42.288 +07:00 INF] Using the following options for SQL Server job storage: Queue poll interval: 00:00:00.
[2026-05-13 10:39:42.289 +07:00 INF] Using the following options for Hangfire Server:
    Worker count: 5
    Listening queues: 'default', 'critical', 'background'
    Shutdown timeout: 00:00:15
    Schedule polling interval: 00:00:15
[2026-05-13 10:39:42.508 +07:00 INF] Server desktop-4qka5d5:6208:303e8786 successfully announced in 203.2819 ms
[2026-05-13 10:39:42.512 +07:00 INF] Server desktop-4qka5d5:6208:303e8786 is starting the registered dispatchers: ServerWatchdog, ServerJobCancellationWatcher, ExpirationManager, CountersAggregator, SqlServerHeartbeatProcess, Worker, DelayedJobScheduler, RecurringJobScheduler...
[2026-05-13 10:39:42.518 +07:00 INF] Server desktop-4qka5d5:6208:303e8786 all the dispatchers started
[2026-05-13 10:40:06.983 +07:00 WRN] Failed to determine the https port for redirect.
[2026-05-13 10:40:23.465 +07:00 ERR] Session cache read exception, Key:cf98c5fc-4190-b12a-ca1d-7e5fe8e53a81
StackExchange.Redis.RedisConnectionException: The message timed out in the backlog attempting to send because no connection became available (5000ms) - Last Connection Exception: It was not possible to connect to the redis server(s). ConnectTimeout, command=HMGET, timeout: 5000, inst: 0, qu: 0, qs: 0, aw: False, bw: SpinningDown, rs: NotStarted, ws: Idle, in: 0, last-in: 0, cur-in: 0, sync-ops: 1, async-ops: 0, serverEndpoint: localhost:6379, conn-sec: n/a, aoc: 0, mc: 1/1/0, mgr: 10 of 10 available, clientName: DESKTOP-4QKA5D5(SE.Redis-v2.8.16.12844), IOCP: (Busy=0,Free=1000,Min=1,Max=1000), WORKER: (Busy=1,Free=32766,Min=16,Max=32767), POOL: (Threads=8,QueuedItems=0,CompletedItems=107,Timers=8), v: 2.8.16.12844 (Please take a look at this article for some common client-side issues that can cause timeouts: https://stackexchange.github.io/StackExchange.Redis/Timeouts)
 ---> StackExchange.Redis.RedisConnectionException: It was not possible to connect to the redis server(s). ConnectTimeout
   --- End of inner exception stack trace ---
   at StackExchange.Redis.ConnectionMultiplexer.ExecuteSyncImpl[T](Message message, ResultProcessor`1 processor, ServerEndPoint server, T defaultValue) in /_/src/StackExchange.Redis/ConnectionMultiplexer.cs:line 2099
   at StackExchange.Redis.RedisBase.ExecuteSync[T](Message message, ResultProcessor`1 processor, ServerEndPoint server, T defaultValue) in /_/src/StackExchange.Redis/RedisBase.cs:line 62
   at StackExchange.Redis.RedisDatabase.HashGet(RedisKey key, RedisValue[] hashFields, CommandFlags flags) in /_/src/StackExchange.Redis/RedisDatabase.cs:line 484
   at Microsoft.Extensions.Caching.StackExchangeRedis.RedisCache.GetAndRefresh(String key, Boolean getData)
   at Microsoft.Extensions.Caching.StackExchangeRedis.RedisCache.Get(String key)
   at Microsoft.AspNetCore.Session.DistributedSession.Load()
[2026-05-13 10:40:29.440 +07:00 ERR] Error closing the session.
StackExchange.Redis.RedisConnectionException: The message timed out in the backlog attempting to send because no connection became available (5000ms) - Last Connection Exception: It was not possible to connect to the redis server(s). ConnectTimeout, command=HMGET, timeout: 5000, inst: 0, qu: 0, qs: 0, aw: False, bw: CheckingForTimeout, rs: NotStarted, ws: Initializing, in: 0, last-in: 0, cur-in: 0, sync-ops: 1, async-ops: 1, serverEndpoint: localhost:6379, conn-sec: n/a, aoc: 0, mc: 1/1/0, mgr: 10 of 10 available, clientName: DESKTOP-4QKA5D5(SE.Redis-v2.8.16.12844), IOCP: (Busy=0,Free=1000,Min=1,Max=1000), WORKER: (Busy=0,Free=32767,Min=16,Max=32767), POOL: (Threads=8,QueuedItems=0,CompletedItems=148,Timers=9), v: 2.8.16.12844 (Please take a look at this article for some common client-side issues that can cause timeouts: https://stackexchange.github.io/StackExchange.Redis/Timeouts)
 ---> StackExchange.Redis.RedisConnectionException: It was not possible to connect to the redis server(s). ConnectTimeout
   --- End of inner exception stack trace ---
   at Microsoft.Extensions.Caching.StackExchangeRedis.RedisCache.GetAndRefreshAsync(String key, Boolean getData, CancellationToken token)
   at Microsoft.Extensions.Caching.StackExchangeRedis.RedisCache.RefreshAsync(String key, CancellationToken token)
   at Microsoft.AspNetCore.Session.DistributedSession.CommitAsync(CancellationToken cancellationToken)
   at Microsoft.AspNetCore.Session.SessionMiddleware.Invoke(HttpContext context)
[2026-05-13 10:40:29.446 +07:00 INF] HTTP GET /AITripPlanner responded 200 in 22433.7129 ms
